项目文件包含 ToolsVersion="12.0"。此工具集可能未知或缺失(您可以通过安装相应版本的 MSBuild 来解决该问题)，或者该生成因策略原因已被强制更改为特殊 ToolsVersion。将此项目视作具有 ToolsVersion="4.0"。有关更多信息，请参见 http://go.microsoft.com/fwlink/?LinkId=291333。
  tinyxmlparser.cpp
  tinyxmlerror.cpp
  tinyxml.cpp
  tinystr.cpp
  Thread.cpp
  SocketOutputStream.cpp
  SocketInputStream.cpp
  SocketAPI.cpp
  Socket.cpp
  PacketFactoryMangager.cpp
  Main.cpp
  Game.cpp
  CStatus.cpp
  CPlayerDeath.cpp
  Config.cpp
  CLoadOver.cpp
  CJoinGame.cpp
  CInitGame.cpp
  CDemage.cpp
  正在生成代码...
  Client.c
  MyServer.vcxproj -> E:\work\github\MyGameServer\Debug\MyServer.exe
